#
# There is insufficient memory for the Java Runtime Environment to continue.
# Native memory allocation (mmap) failed to map 65536 bytes for Failed to commit metaspace.
# Possible reasons:
#   The system is out of physical RAM or swap space
#   The process is running with CompressedOops enabled, and the Java Heap may be blocking the growth of the native heap
# Possible solutions:
#   Reduce memory load on the system
#   Increase physical memory or swap space
#   Check if swap backing store is full
#   Decrease Java heap size (-Xmx/-Xms)
#   Decrease number of Java threads
#   Decrease Java thread stack sizes (-Xss)
#   Set larger code cache with -XX:ReservedCodeCacheSize=
#   JVM is running with Unscaled Compressed Oops mode in which the Java heap is
#     placed in the first 4GB address space. The Java Heap base address is the
#     maximum limit for the native heap growth. Please use -XX:HeapBaseMinAddress
#     to set the Java Heap base and to place the Java Heap above 4GB virtual address.
# This output file may be truncated or incomplete.
#
#  Out of Memory Error (virtualSpaceNode.cpp:110), pid=6044, tid=18316
#
# JRE version: OpenJDK Runtime Environment Corretto-17.0.6.10.1 (17.0.6+10) (build 17.0.6+10-LTS)
# Java VM: OpenJDK 64-Bit Server VM Corretto-17.0.6.10.1 (17.0.6+10-LTS, mixed mode, emulated-client, sharing, tiered, compressed oops, compressed class ptrs, g1 gc, windows-amd64)
# No core dump will be written. Minidumps are not enabled by default on client versions of Windows
#

---------------  S U M M A R Y ------------

Command Line: -XX:TieredStopAtLevel=1 -Dspring.output.ansi.enabled=always -Dcom.sun.management.jmxremote -Dspring.jmx.enabled=true -Dspring.liveBeansView.mbeanDomain -Dspring.application.admin.enabled=true -javaagent:C:\Program Files\JetBrains\IntelliJ IDEA 2022.2.4\lib\idea_rt.jar=59424:C:\Program Files\JetBrains\IntelliJ IDEA 2022.2.4\bin -Dfile.encoding=UTF-8 com.example.blogbackend.BlogBackendApplication

Host: Intel(R) Core(TM) i5-6200U CPU @ 2.30GHz, 4 cores, 7G,  Windows 10 , 64 bit Build 19041 (10.0.19041.2788)
Time: Wed Apr 19 14:55:51 2023 SE Asia Standard Time elapsed time: 4.151952 seconds (0d 0h 0m 4s)

---------------  T H R E A D  ---------------

Current thread (0x000001e09b6cf140):  JavaThread "main" [_thread_in_vm, id=18316, stack(0x000000477b100000,0x000000477b200000)]

Stack: [0x000000477b100000,0x000000477b200000]
Native frames: (J=compiled Java code, j=interpreted, Vv=VM code, C=native code)
V  [jvm.dll+0x64b39a]
V  [jvm.dll+0x7ff044]
V  [jvm.dll+0x8007fe]
V  [jvm.dll+0x800e53]
V  [jvm.dll+0x235848]
V  [jvm.dll+0x7fb10b]
V  [jvm.dll+0x5f23a6]
V  [jvm.dll+0x1b4e8e]
V  [jvm.dll+0x5f4bf4]
V  [jvm.dll+0x5f2d5d]
V  [jvm.dll+0x23339c]
V  [jvm.dll+0x69ff08]
V  [jvm.dll+0x6a092f]
V  [jvm.dll+0x35b203]
V  [jvm.dll+0x3f052d]
V  [jvm.dll+0x3fb3c0]
C  0x000001e0a3686f7f

Java frames: (J=compiled Java code, j=interpreted, Vv=VM code)
J 1764  java.lang.Class.getDeclaredConstructors0(Z)[Ljava/lang/reflect/Constructor; java.base@17.0.6 (0 bytes) @ 0x000001e0a3686ee3 [0x000001e0a3686ea0+0x0000000000000043]
J 1365 c1 java.lang.Class.privateGetDeclaredConstructors(Z)[Ljava/lang/reflect/Constructor; java.base@17.0.6 (79 bytes) @ 0x000001e0a35f141c [0x000001e0a35f12e0+0x000000000000013c]
j  java.lang.Class.getDeclaredConstructors()[Ljava/lang/reflect/Constructor;+20 java.base@17.0.6
j  org.springframework.context.annotation.ParserStrategyUtils.createInstance(Ljava/lang/Class;Lorg/springframework/core/env/Environment;Lorg/springframework/core/io/ResourceLoader;Lorg/springframework/beans/factory/support/BeanDefinitionRegistry;Ljava/lang/ClassLoader;)Ljava/lang/Object;+1
j  org.springframework.context.annotation.ParserStrategyUtils.instantiateClass(Ljava/lang/Class;Ljava/lang/Class;Lorg/springframework/core/env/Environment;Lorg/springframework/core/io/ResourceLoader;Lorg/springframework/beans/factory/support/BeanDefinitionRegistry;)Ljava/lang/Object;+69
j  org.springframework.context.annotation.ConfigurationClassParser.processImports(Lorg/springframework/context/annotation/ConfigurationClass;Lorg/springframework/context/annotation/ConfigurationClassParser$SourceClass;Ljava/util/Collection;Ljava/util/function/Predicate;Z)V+253
j  org.springframework.context.annotation.ConfigurationClassParser.doProcessConfigurationClass(Lorg/springframework/context/annotation/ConfigurationClass;Lorg/springframework/context/annotation/ConfigurationClassParser$SourceClass;Ljava/util/function/Predicate;)Lorg/springframework/context/annotation/ConfigurationClassParser$SourceClass;+304
j  org.springframework.context.annotation.ConfigurationClassParser.processConfigurationClass(Lorg/springframework/context/annotation/ConfigurationClass;Ljava/util/function/Predicate;)V+106
j  org.springframework.context.annotation.ConfigurationClassParser.processImports(Lorg/springframework/context/annotation/ConfigurationClass;Lorg/springframework/context/annotation/ConfigurationClassParser$SourceClass;Ljava/util/Collection;Ljava/util/function/Predicate;Z)V+304
j  org.springframework.context.annotation.ConfigurationClassParser$DeferredImportSelectorGroupingHandler.lambda$processGroupImports$1(Ljava/util/function/Predicate;Lorg/springframework/context/annotation/DeferredImportSelector$Group$Entry;)V+48
j  org.springframework.context.annotation.ConfigurationClassParser$DeferredImportSelectorGroupingHandler$$Lambda$393+0x0000000800e8d150.accept(Ljava/lang/Object;)V+12
j  java.lang.Iterable.forEach(Ljava/util/function/Consumer;)V+30 java.base@17.0.6
j  org.springframework.context.annotation.ConfigurationClassParser$DeferredImportSelectorGroupingHandler.processGroupImports()V+50
j  org.springframework.context.annotation.ConfigurationClassParser$DeferredImportSelectorHandler.process()V+53
j  org.springframework.context.annotation.ConfigurationClassParser.parse(Ljava/util/Set;)V+158
j  org.springframework.context.annotation.ConfigurationClassPostProcessor.processConfigBeanDefinitions(Lorg/springframework/beans/factory/support/BeanDefinitionRegistry;)V+301
j  org.springframework.context.annotation.ConfigurationClassPostProcessor.postProcessBeanDefinitionRegistry(Lorg/springframework/beans/factory/support/BeanDefinitionRegistry;)V+81
j  org.springframework.context.support.PostProcessorRegistrationDelegate.invokeBeanDefinitionRegistryPostProcessors(Ljava/util/Collection;Lorg/springframework/beans/factory/support/BeanDefinitionRegistry;Lorg/springframework/core/metrics/ApplicationStartup;)V+59
j  org.springframework.context.support.PostProcessorRegistrationDelegate.invokeBeanFactoryPostProcessors(Lorg/springframework/beans/factory/config/ConfigurableListableBeanFactory;Ljava/util/List;)V+238
j  org.springframework.context.support.AbstractApplicationContext.invokeBeanFactoryPostProcessors(Lorg/springframework/beans/factory/config/ConfigurableListableBeanFactory;)V+5
j  org.springframework.context.support.AbstractApplicationContext.refresh()V+53
j  org.springframework.boot.web.servlet.context.ServletWebServerApplicationContext.refresh()V+1
j  org.springframework.boot.SpringApplication.refresh(Lorg/springframework/context/ConfigurableApplicationContext;)V+1
j  org.springframework.boot.SpringApplication.refreshContext(Lorg/springframework/context/ConfigurableApplicationContext;)V+16
j  org.springframework.boot.SpringApplication.run([Ljava/lang/String;)Lorg/springframework/context/ConfigurableApplicationContext;+101
j  org.springframework.boot.SpringApplication.run([Ljava/lang/Class;[Ljava/lang/String;)Lorg/springframework/context/ConfigurableApplicationContext;+9
j  org.springframework.boot.SpringApplication.run(Ljava/lang/Class;[Ljava/lang/String;)Lorg/springframework/context/ConfigurableApplicationContext;+9
j  com.example.blogbackend.BlogBackendApplication.main([Ljava/lang/String;)V+3
v  ~StubRoutines::call_stub

---------------  P R O C E S S  ---------------

Threads class SMR info:
_java_thread_list=0x000001e0af483dc0, length=15, elements={
0x000001e09b6cf140, 0x000001e0ad090d00, 0x000001e0ad091b70, 0x000001e0ad0a24e0,
0x000001e0ad0a3fb0, 0x000001e0ad0a6a70, 0x000001e0ad0a8430, 0x000001e0ad0a8e90,
0x000001e0ad0dab90, 0x000001e0adc60310, 0x000001e0ad07a5d0, 0x000001e0adc632e0,
0x000001e0adfe5e70, 0x000001e0adfe9340, 0x000001e0ae18a1e0
}

Java Threads: ( => current thread )
=>0x000001e09b6cf140 JavaThread "main" [_thread_in_vm, id=18316, stack(0x000000477b100000,0x000000477b200000)]
  0x000001e0ad090d00 JavaThread "Reference Handler" daemon [_thread_blocked, id=552, stack(0x000000477b800000,0x000000477b900000)]
  0x000001e0ad091b70 JavaThread "Finalizer" daemon [_thread_blocked, id=13828, stack(0x000000477b900000,0x000000477ba00000)]
  0x000001e0ad0a24e0 JavaThread "Signal Dispatcher" daemon [_thread_blocked, id=10556, stack(0x000000477ba00000,0x000000477bb00000)]
  0x000001e0ad0a3fb0 JavaThread "Attach Listener" daemon [_thread_blocked, id=4208, stack(0x000000477bb00000,0x000000477bc00000)]
  0x000001e0ad0a6a70 JavaThread "Service Thread" daemon [_thread_blocked, id=14544, stack(0x000000477bc00000,0x000000477bd00000)]
  0x000001e0ad0a8430 JavaThread "Monitor Deflation Thread" daemon [_thread_blocked, id=17060, stack(0x000000477bd00000,0x000000477be00000)]
  0x000001e0ad0a8e90 JavaThread "C1 CompilerThread0" daemon [_thread_blocked, id=5276, stack(0x000000477be00000,0x000000477bf00000)]
  0x000001e0ad0dab90 JavaThread "Sweeper thread" daemon [_thread_blocked, id=17228, stack(0x000000477bf00000,0x000000477c000000)]
  0x000001e0adc60310 JavaThread "Common-Cleaner" daemon [_thread_blocked, id=13440, stack(0x000000477c000000,0x000000477c100000)]
  0x000001e0ad07a5d0 JavaThread "C1 CompilerThread1" daemon [_thread_blocked, id=13376, stack(0x000000477c100000,0x000000477c200000)]
  0x000001e0adc632e0 JavaThread "C1 CompilerThread2" daemon [_thread_blocked, id=14532, stack(0x000000477c200000,0x000000477c300000)]
  0x000001e0adfe5e70 JavaThread "Monitor Ctrl-Break" daemon [_thread_in_native, id=11328, stack(0x000000477c300000,0x000000477c400000)]
  0x000001e0adfe9340 JavaThread "Notification Thread" daemon [_thread_blocked, id=18172, stack(0x000000477c400000,0x000000477c500000)]
  0x000001e0ae18a1e0 JavaThread "RMI TCP Accept-0" daemon [_thread_in_native, id=9448, stack(0x000000477c500000,0x000000477c600000)]

Other Threads:
  0x000001e0ad089560 VMThread "VM Thread" [stack: 0x000000477b700000,0x000000477b800000] [id=8680]
  0x000001e09b6d00f0 WatcherThread [stack: 0x000000477c600000,0x000000477c700000] [id=13400]
  0x000001e09b729750 GCTaskThread "GC Thread#0" [stack: 0x000000477b200000,0x000000477b300000] [id=10624]
  0x000001e0ae2db760 GCTaskThread "GC Thread#1" [stack: 0x000000477c700000,0x000000477c800000] [id=13712]
  0x000001e0ae328700 GCTaskThread "GC Thread#2" [stack: 0x000000477c800000,0x000000477c900000] [id=16652]
  0x000001e0ae4297b0 GCTaskThread "GC Thread#3" [stack: 0x000000477c900000,0x000000477ca00000] [id=10160]
  0x000001e09b73a350 ConcurrentGCThread "G1 Main Marker" [stack: 0x000000477b300000,0x000000477b400000] [id=14628]
  0x000001e09b73ad60 ConcurrentGCThread "G1 Conc#0" [stack: 0x000000477b400000,0x000000477b500000] [id=13072]
  0x000001e09b79ebc0 ConcurrentGCThread "G1 Refine#0" [stack: 0x000000477b500000,0x000000477b600000] [id=14680]
  0x000001e0ae4293f0 ConcurrentGCThread "G1 Refine#1" [stack: 0x000000477ca00000,0x000000477cb00000] [id=12380]
  0x000001e0acf41060 ConcurrentGCThread "G1 Service" [stack: 0x000000477b600000,0x000000477b700000] [id=17064]

Threads with active compile tasks:

VM state: not at safepoint (normal execution)

VM Mutex/Monitor currently owned by a thread:  ([mutex/lock_event])
[0x000001e09b6ca520] Metaspace_lock - owner thread: 0x000001e09b6cf140

Heap address: 0x0000000081a00000, size: 2022 MB, Compressed Oops mode: 32-bit

CDS archive(s) mapped at: [0x0000000800000000-0x0000000800bc0000-0x0000000800bc0000), size 12320768, SharedBaseAddress: 0x0000000800000000, ArchiveRelocationMode: 0.
Compressed class space mapped at: 0x0000000800c00000-0x0000000840c00000, reserved size: 1073741824
Narrow klass base: 0x0000000800000000, Narrow klass shift: 0, Narrow klass range: 0x100000000

GC Precious Log:
 CPUs: 4 total, 4 available
 Memory: 8083M
 Large Page Support: Disabled
 NUMA Support: Disabled
 Compressed Oops: Enabled (32-bit)
 Heap Region Size: 1M
 Heap Min Capacity: 8M
 Heap Initial Capacity: 128M
 Heap Max Capacity: 2022M
 Pre-touch: Disabled
 Parallel Workers: 4
 Concurrent Workers: 1
 Concurrent Refinement Workers: 4
 Periodic GC: Disabled

Heap:
 garbage-first heap   total 131072K, used 33146K [0x0000000081a00000, 0x0000000100000000)
  region size 1024K, 27 young (27648K), 3 survivors (3072K)
 Metaspace       used 17702K, committed 17984K, reserved 1064960K
  class space    used 2342K, committed 2496K, reserved 1048576K

Heap Regions: E=young(eden), S=young(survivor), O=old, HS=humongous(starts), HC=humongous(continues), CS=collection set, F=free, OA=open archive, CA=closed archive, TAMS=top-at-mark-start (previous, next)
|   0|0x0000000081a00000, 0x0000000081b00000, 0x0000000081b00000|100%|HS|  |TAMS 0x0000000081a00000, 0x0000000081a00000| Complete 
|   1|0x0000000081b00000, 0x0000000081c00000, 0x0000000081c00000|100%| O|  |TAMS 0x0000000081b00000, 0x0000000081b00000| Untracked 
|   2|0x0000000081c00000, 0x0000000081d00000, 0x0000000081d00000|100%| O|  |TAMS 0x0000000081c00000, 0x0000000081c00000| Untracked 
|   3|0x0000000081d00000, 0x0000000081e00000, 0x0000000081e00000|100%| O|  |TAMS 0x0000000081d00000, 0x0000000081d00000| Untracked 
|   4|0x0000000081e00000, 0x0000000081f00000, 0x0000000081f00000|100%| O|  |TAMS 0x0000000081e00000, 0x0000000081e00000| Untracked 
|   5|0x0000000081f00000, 0x0000000082000000, 0x0000000082000000|100%| O|  |TAMS 0x0000000081f00000, 0x0000000081f00000| Untracked 
|   6|0x0000000082000000, 0x00000000820a4800, 0x0000000082100000| 64%| O|  |TAMS 0x0000000082000000, 0x0000000082000000| Untracked 
|   7|0x0000000082100000, 0x0000000082100000, 0x0000000082200000|  0%| F|  |TAMS 0x0000000082100000, 0x0000000082100000| Untracked 
|   8|0x0000000082200000, 0x0000000082200000, 0x0000000082300000|  0%| F|  |TAMS 0x0000000082200000, 0x0000000082200000| Untracked 
|   9|0x0000000082300000, 0x0000000082300000, 0x0000000082400000|  0%| F|  |TAMS 0x0000000082300000, 0x0000000082300000| Untracked 
|  10|0x0000000082400000, 0x0000000082400000, 0x0000000082500000|  0%| F|  |TAMS 0x0000000082400000, 0x0000000082400000| Untracked 
|  11|0x0000000082500000, 0x0000000082500000, 0x0000000082600000|  0%| F|  |TAMS 0x0000000082500000, 0x0000000082500000| Untracked 
|  12|0x0000000082600000, 0x0000000082600000, 0x0000000082700000|  0%| F|  |TAMS 0x0000000082600000, 0x0000000082600000| Untracked 
|  13|0x0000000082700000, 0x0000000082700000, 0x0000000082800000|  0%| F|  |TAMS 0x0000000082700000, 0x0000000082700000| Untracked 
|  14|0x0000000082800000, 0x0000000082800000, 0x0000000082900000|  0%| F|  |TAMS 0x0000000082800000, 0x0000000082800000| Untracked 
|  15|0x0000000082900000, 0x0000000082900000, 0x0000000082a00000|  0%| F|  |TAMS 0x0000000082900000, 0x0000000082900000| Untracked 
|  16|0x0000000082a00000, 0x0000000082a00000, 0x0000000082b00000|  0%| F|  |TAMS 0x0000000082a00000, 0x0000000082a00000| Untracked 
|  17|0x0000000082b00000, 0x0000000082b00000, 0x0000000082c00000|  0%| F|  |TAMS 0x0000000082b00000, 0x0000000082b00000| Untracked 
|  18|0x0000000082c00000, 0x0000000082c00000, 0x0000000082d00000|  0%| F|  |TAMS 0x0000000082c00000, 0x0000000082c00000| Untracked 
|  19|0x0000000082d00000, 0x0000000082d00000, 0x0000000082e00000|  0%| F|  |TAMS 0x0000000082d00000, 0x0000000082d00000| Untracked 
|  20|0x0000000082e00000, 0x0000000082e00000, 0x0000000082f00000|  0%| F|  |TAMS 0x0000000082e00000, 0x0000000082e00000| Untracked 
|  21|0x0000000082f00000, 0x0000000082f00000, 0x0000000083000000|  0%| F|  |TAMS 0x0000000082f00000, 0x0000000082f00000| Untracked 
|  22|0x0000000083000000, 0x0000000083000000, 0x0000000083100000|  0%| F|  |TAMS 0x0000000083000000, 0x0000000083000000| Untracked 
|  23|0x0000000083100000, 0x0000000083100000, 0x0000000083200000|  0%| F|  |TAMS 0x0000000083100000, 0x0000000083100000| Untracked 
|  24|0x0000000083200000, 0x0000000083200000, 0x0000000083300000|  0%| F|  |TAMS 0x0000000083200000, 0x0000000083200000| Untracked 
|  25|0x0000000083300000, 0x0000000083300000, 0x0000000083400000|  0%| F|  |TAMS 0x0000000083300000, 0x0000000083300000| Untracked 
|  26|0x0000000083400000, 0x0000000083400000, 0x0000000083500000|  0%| F|  |TAMS 0x0000000083400000, 0x0000000083400000| Untracked 
|  27|0x0000000083500000, 0x0000000083500000, 0x0000000083600000|  0%| F|  |TAMS 0x0000000083500000, 0x0000000083500000| Untracked 
|  28|0x0000000083600000, 0x0000000083600000, 0x0000000083700000|  0%| F|  |TAMS 0x0000000083600000, 0x0000000083600000| Untracked 
|  29|0x0000000083700000, 0x0000000083700000, 0x0000000083800000|  0%| F|  |TAMS 0x0000000083700000, 0x0000000083700000| Untracked 
|  30|0x0000000083800000, 0x0000000083800000, 0x0000000083900000|  0%| F|  |TAMS 0x0000000083800000, 0x0000000083800000| Untracked 
|  31|0x0000000083900000, 0x0000000083900000, 0x0000000083a00000|  0%| F|  |TAMS 0x0000000083900000, 0x0000000083900000| Untracked 
|  32|0x0000000083a00000, 0x0000000083a00000, 0x0000000083b00000|  0%| F|  |TAMS 0x0000000083a00000, 0x0000000083a00000| Untracked 
|  33|0x0000000083b00000, 0x0000000083b00000, 0x0000000083c00000|  0%| F|  |TAMS 0x0000000083b00000, 0x0000000083b00000| Untracked 
|  34|0x0000000083c00000, 0x0000000083c00000, 0x0000000083d00000|  0%| F|  |TAMS 0x0000000083c00000, 0x0000000083c00000| Untracked 
|  35|0x0000000083d00000, 0x0000000083d00000, 0x0000000083e00000|  0%| F|  |TAMS 0x0000000083d00000, 0x0000000083d00000| Untracked 
|  36|0x0000000083e00000, 0x0000000083e00000, 0x0000000083f00000|  0%| F|  |TAMS 0x0000000083e00000, 0x0000000083e00000| Untracked 
|  37|0x0000000083f00000, 0x0000000083f00000, 0x0000000084000000|  0%| F|  |TAMS 0x0000000083f00000, 0x0000000083f00000| Untracked 
|  38|0x0000000084000000, 0x0000000084000000, 0x0000000084100000|  0%| F|  |TAMS 0x0000000084000000, 0x0000000084000000| Untracked 
|  39|0x0000000084100000, 0x0000000084100000, 0x0000000084200000|  0%| F|  |TAMS 0x0000000084100000, 0x0000000084100000| Untracked 
|  40|0x0000000084200000, 0x0000000084200000, 0x0000000084300000|  0%| F|  |TAMS 0x0000000084200000, 0x0000000084200000| Untracked 
|  41|0x0000000084300000, 0x0000000084300000, 0x0000000084400000|  0%| F|  |TAMS 0x0000000084300000, 0x0000000084300000| Untracked 
|  42|0x0000000084400000, 0x0000000084400000, 0x0000000084500000|  0%| F|  |TAMS 0x0000000084400000, 0x0000000084400000| Untracked 
|  43|0x0000000084500000, 0x0000000084500000, 0x0000000084600000|  0%| F|  |TAMS 0x0000000084500000, 0x0000000084500000| Untracked 
|  44|0x0000000084600000, 0x0000000084600000, 0x0000000084700000|  0%| F|  |TAMS 0x0000000084600000, 0x0000000084600000| Untracked 
|  45|0x0000000084700000, 0x0000000084700000, 0x0000000084800000|  0%| F|  |TAMS 0x0000000084700000, 0x0000000084700000| Untracked 
|  46|0x0000000084800000, 0x0000000084800000, 0x0000000084900000|  0%| F|  |TAMS 0x0000000084800000, 0x0000000084800000| Untracked 
|  47|0x0000000084900000, 0x0000000084900000, 0x0000000084a00000|  0%| F|  |TAMS 0x0000000084900000, 0x0000000084900000| Untracked 
|  48|0x0000000084a00000, 0x0000000084a00000, 0x0000000084b00000|  0%| F|  |TAMS 0x0000000084a00000, 0x0000000084a00000| Untracked 
|  49|0x0000000084b00000, 0x0000000084b00000, 0x0000000084c00000|  0%| F|  |TAMS 0x0000000084b00000, 0x0000000084b00000| Untracked 
|  50|0x0000000084c00000, 0x0000000084c00000, 0x0000000084d00000|  0%| F|  |TAMS 0x0000000084c00000, 0x0000000084c00000| Untracked 
|  51|0x0000000084d00000, 0x0000000084d00000, 0x0000000084e00000|  0%| F|  |TAMS 0x0000000084d00000, 0x0000000084d00000| Untracked 
|  52|0x0000000084e00000, 0x0000000084e00000, 0x0000000084f00000|  0%| F|  |TAMS 0x0000000084e00000, 0x0000000084e00000| Untracked 
|  53|0x0000000084f00000, 0x0000000084f00000, 0x0000000085000000|  0%| F|  |TAMS 0x0000000084f00000, 0x0000000084f00000| Untracked 
|  54|0x0000000085000000, 0x0000000085000000, 0x0000000085100000|  0%| F|  |TAMS 0x0000000085000000, 0x0000000085000000| Untracked 
|  55|0x0000000085100000, 0x0000000085100000, 0x0000000085200000|  0%| F|  |TAMS 0x0000000085100000, 0x0000000085100000| Untracked 
|  56|0x0000000085200000, 0x0000000085200000, 0x0000000085300000|  0%| F|  |TAMS 0x0000000085200000, 0x0000000085200000| Untracked 
|  57|0x0000000085300000, 0x0000000085300000, 0x0000000085400000|  0%| F|  |TAMS 0x0000000085300000, 0x0000000085300000| Untracked 
|  58|0x0000000085400000, 0x0000000085400000, 0x0000000085500000|  0%| F|  |TAMS 0x0000000085400000, 0x0000000085400000| Untracked 
|  59|0x0000000085500000, 0x0000000085500000, 0x0000000085600000|  0%| F|  |TAMS 0x0000000085500000, 0x0000000085500000| Untracked 
|  60|0x0000000085600000, 0x0000000085600000, 0x0000000085700000|  0%| F|  |TAMS 0x0000000085600000, 0x0000000085600000| Untracked 
|  61|0x0000000085700000, 0x0000000085700000, 0x0000000085800000|  0%| F|  |TAMS 0x0000000085700000, 0x0000000085700000| Untracked 
|  62|0x0000000085800000, 0x0000000085800000, 0x0000000085900000|  0%| F|  |TAMS 0x0000000085800000, 0x0000000085800000| Untracked 
|  63|0x0000000085900000, 0x0000000085900000, 0x0000000085a00000|  0%| F|  |TAMS 0x0000000085900000, 0x0000000085900000| Untracked 
|  64|0x0000000085a00000, 0x0000000085a00000, 0x0000000085b00000|  0%| F|  |TAMS 0x0000000085a00000, 0x0000000085a00000| Untracked 
|  65|0x0000000085b00000, 0x0000000085b00000, 0x0000000085c00000|  0%| F|  |TAMS 0x0000000085b00000, 0x0000000085b00000| Untracked 
|  66|0x0000000085c00000, 0x0000000085c00000, 0x0000000085d00000|  0%| F|  |TAMS 0x0000000085c00000, 0x0000000085c00000| Untracked 
|  67|0x0000000085d00000, 0x0000000085d00000, 0x0000000085e00000|  0%| F|  |TAMS 0x0000000085d00000, 0x0000000085d00000| Untracked 
|  68|0x0000000085e00000, 0x0000000085e00000, 0x0000000085f00000|  0%| F|  |TAMS 0x0000000085e00000, 0x0000000085e00000| Untracked 
|  69|0x0000000085f00000, 0x0000000085f00000, 0x0000000086000000|  0%| F|  |TAMS 0x0000000085f00000, 0x0000000085f00000| Untracked 
|  70|0x0000000086000000, 0x0000000086000000, 0x0000000086100000|  0%| F|  |TAMS 0x0000000086000000, 0x0000000086000000| Untracked 
|  71|0x0000000086100000, 0x0000000086100000, 0x0000000086200000|  0%| F|  |TAMS 0x0000000086100000, 0x0000000086100000| Untracked 
|  72|0x0000000086200000, 0x0000000086200000, 0x0000000086300000|  0%| F|  |TAMS 0x0000000086200000, 0x0000000086200000| Untracked 
|  73|0x0000000086300000, 0x0000000086300000, 0x0000000086400000|  0%| F|  |TAMS 0x0000000086300000, 0x0000000086300000| Untracked 
|  74|0x0000000086400000, 0x0000000086400000, 0x0000000086500000|  0%| F|  |TAMS 0x0000000086400000, 0x0000000086400000| Untracked 
|  75|0x0000000086500000, 0x0000000086500000, 0x0000000086600000|  0%| F|  |TAMS 0x0000000086500000, 0x0000000086500000| Untracked 
|  76|0x0000000086600000, 0x0000000086600000, 0x0000000086700000|  0%| F|  |TAMS 0x0000000086600000, 0x0000000086600000| Untracked 
|  77|0x0000000086700000, 0x0000000086700000, 0x0000000086800000|  0%| F|  |TAMS 0x0000000086700000, 0x0000000086700000| Untracked 
|  78|0x0000000086800000, 0x0000000086800000, 0x0000000086900000|  0%| F|  |TAMS 0x0000000086800000, 0x0000000086800000| Untracked 
|  79|0x0000000086900000, 0x0000000086900000, 0x0000000086a00000|  0%| F|  |TAMS 0x0000000086900000, 0x0000000086900000| Untracked 
|  80|0x0000000086a00000, 0x0000000086a00000, 0x0000000086b00000|  0%| F|  |TAMS 0x0000000086a00000, 0x0000000086a00000| Untracked 
|  81|0x0000000086b00000, 0x0000000086b00000, 0x0000000086c00000|  0%| F|  |TAMS 0x0000000086b00000, 0x0000000086b00000| Untracked 
|  82|0x0000000086c00000, 0x0000000086c00000, 0x0000000086d00000|  0%| F|  |TAMS 0x0000000086c00000, 0x0000000086c00000| Untracked 
|  83|0x0000000086d00000, 0x0000000086d00000, 0x0000000086e00000|  0%| F|  |TAMS 0x0000000086d00000, 0x0000000086d00000| Untracked 
|  84|0x0000000086e00000, 0x0000000086e00000, 0x0000000086f00000|  0%| F|  |TAMS 0x0000000086e00000, 0x0000000086e00000| Untracked 
|  85|0x0000000086f00000, 0x0000000086f00000, 0x0000000087000000|  0%| F|  |TAMS 0x0000000086f00000, 0x0000000086f00000| Untracked 
|  86|0x0000000087000000, 0x0000000087000000, 0x0000000087100000|  0%| F|  |TAMS 0x0000000087000000, 0x0000000087000000| Untracked 
|  87|0x0000000087100000, 0x0000000087100000, 0x0000000087200000|  0%| F|  |TAMS 0x0000000087100000, 0x0000000087100000| Untracked 
|  88|0x0000000087200000, 0x0000000087200000, 0x0000000087300000|  0%| F|  |TAMS 0x0000000087200000, 0x0000000087200000| Untracked 
|  89|0x0000000087300000, 0x0000000087300000, 0x0000000087400000|  0%| F|  |TAMS 0x0000000087300000, 0x0000000087300000| Untracked 
|  90|0x0000000087400000, 0x0000000087400000, 0x0000000087500000|  0%| F|  |TAMS 0x0000000087400000, 0x0000000087400000| Untracked 
|  91|0x0000000087500000, 0x0000000087500000, 0x0000000087600000|  0%| F|  |TAMS 0x0000000087500000, 0x0000000087500000| Untracked 
|  92|0x0000000087600000, 0x0000000087600000, 0x0000000087700000|  0%| F|  |TAMS 0x0000000087600000, 0x0000000087600000| Untracked 
|  93|0x0000000087700000, 0x0000000087700000, 0x0000000087800000|  0%| F|  |TAMS 0x0000000087700000, 0x0000000087700000| Untracked 
|  94|0x0000000087800000, 0x0000000087800000, 0x0000000087900000|  0%| F|  |TAMS 0x0000000087800000, 0x0000000087800000| Untracked 
|  95|0x0000000087900000, 0x0000000087900000, 0x0000000087a00000|  0%| F|  |TAMS 0x0000000087900000, 0x0000000087900000| Untracked 
|  96|0x0000000087a00000, 0x0000000087a00000, 0x0000000087b00000|  0%| F|  |TAMS 0x0000000087a00000, 0x0000000087a00000| Untracked 
|  97|0x0000000087b00000, 0x0000000087b00000, 0x0000000087c00000|  0%| F|  |TAMS 0x0000000087b00000, 0x0000000087b00000| Untracked 
|  98|0x0000000087c00000, 0x0000000087c00000, 0x0000000087d00000|  0%| F|  |TAMS 0x0000000087c00000, 0x0000000087c00000| Untracked 
|  99|0x0000000087d00000, 0x0000000087d00000, 0x0000000087e00000|  0%| F|  |TAMS 0x0000000087d00000, 0x0000000087d00000| Untracked 
| 100|0x0000000087e00000, 0x0000000087eba2a0, 0x0000000087f00000| 72%| S|CS|TAMS 0x0000000087e00000, 0x0000000087e00000| Complete 
| 101|0x0000000087f00000, 0x0000000088000000, 0x0000000088000000|100%| S|CS|TAMS 0x0000000087f00000, 0x0000000087f00000| Complete 
| 102|0x0000000088000000, 0x0000000088100000, 0x0000000088100000|100%| S|CS|TAMS 0x0000000088000000, 0x0000000088000000| Complete 
| 103|0x0000000088100000, 0x0000000088100000, 0x0000000088200000|  0%| F|  |TAMS 0x0000000088100000, 0x0000000088100000| Untracked 
| 104|0x0000000088200000, 0x0000000088300000, 0x0000000088300000|100%| E|  |TAMS 0x0000000088200000, 0x0000000088200000| Complete 
| 105|0x0000000088300000, 0x0000000088400000, 0x0000000088400000|100%| E|CS|TAMS 0x0000000088300000, 0x0000000088300000| Complete 
| 106|0x0000000088400000, 0x0000000088500000, 0x0000000088500000|100%| E|CS|TAMS 0x0000000088400000, 0x0000000088400000| Complete 
| 107|0x0000000088500000, 0x0000000088600000, 0x0000000088600000|100%| E|CS|TAMS 0x0000000088500000, 0x0000000088500000| Complete 
| 108|0x0000000088600000, 0x0000000088700000, 0x0000000088700000|100%| E|CS|TAMS 0x0000000088600000, 0x0000000088600000| Complete 
| 109|0x0000000088700000, 0x0000000088800000, 0x0000000088800000|100%| E|CS|TAMS 0x0000000088700000, 0x0000000088700000| Complete 
| 110|0x0000000088800000, 0x0000000088900000, 0x0000000088900000|100%| E|CS|TAMS 0x0000000088800000, 0x0000000088800000| Complete 
| 111|0x0000000088900000, 0x0000000088a00000, 0x0000000088a00000|100%| E|CS|TAMS 0x0000000088900000, 0x0000000088900000| Complete 
| 112|0x0000000088a00000, 0x0000000088b00000, 0x0000000088b00000|100%| E|CS|TAMS 0x0000000088a00000, 0x0000000088a00000| Complete 
| 113|0x0000000088b00000, 0x0000000088c00000, 0x0000000088c00000|100%| E|CS|TAMS 0x0000000088b00000, 0x0000000088b00000| Complete 
| 114|0x0000000088c00000, 0x0000000088d00000, 0x0000000088d00000|100%| E|CS|TAMS 0x0000000088c00000, 0x0000000088c00000| Complete 
| 115|0x0000000088d00000, 0x0000000088e00000, 0x0000000088e00000|100%| E|CS|TAMS 0x0000000088d00000, 0x0000000088d00000| Complete 
| 116|0x0000000088e00000, 0x0000000088f00000, 0x0000000088f00000|100%| E|CS|TAMS 0x0000000088e00000, 0x0000000088e00000| Complete 
| 117|0x0000000088f00000, 0x0000000089000000, 0x0000000089000000|100%| E|CS|TAMS 0x0000000088f00000, 0x0000000088f00000| Complete 
| 118|0x0000000089000000, 0x0000000089100000, 0x0000000089100000|100%| E|CS|TAMS 0x0000000089000000, 0x0000000089000000| Complete 
| 119|0x0000000089100000, 0x0000000089200000, 0x0000000089200000|100%| E|CS|TAMS 0x0000000089100000, 0x0000000089100000| Complete 
| 120|0x0000000089200000, 0x0000000089300000, 0x0000000089300000|100%| E|CS|TAMS 0x0000000089200000, 0x0000000089200000| Complete 
| 121|0x0000000089300000, 0x0000000089400000, 0x0000000089400000|100%| E|CS|TAMS 0x0000000089300000, 0x0000000089300000| Complete 
| 122|0x0000000089400000, 0x0000000089500000, 0x0000000089500000|100%| E|CS|TAMS 0x0000000089400000, 0x0000000089400000| Complete 
| 123|0x0000000089500000, 0x0000000089600000, 0x0000000089600000|100%| E|CS|TAMS 0x0000000089500000, 0x0000000089500000| Complete 
| 124|0x0000000089600000, 0x0000000089700000, 0x0000000089700000|100%| E|CS|TAMS 0x0000000089600000, 0x0000000089600000| Complete 
| 125|0x0000000089700000, 0x0000000089800000, 0x0000000089800000|100%| E|CS|TAMS 0x0000000089700000, 0x0000000089700000| Complete 
| 126|0x0000000089800000, 0x0000000089900000, 0x0000000089900000|100%| E|CS|TAMS 0x0000000089800000, 0x0000000089800000| Complete 
| 127|0x0000000089900000, 0x0000000089a00000, 0x0000000089a00000|100%| E|CS|TAMS 0x0000000089900000, 0x0000000089900000| Complete 

Card table byte_map: [0x000001e0a65d0000,0x000001e0a69d0000] _byte_map_base: 0x000001e0a61c3000

Marking Bits (Prev, Next): (CMBitMap*) 0x000001e09b729d60, (CMBitMap*) 0x000001e09b729da0
 Prev Bits: [0x000001e0a6dd0000, 0x000001e0a8d68000)
 Next Bits: [0x000001e0a8d70000, 0x000001e0aad08000)

Polling page: 0x000001e09aea0000

Metaspace:

Usage:
  Non-class:     15.00 MB used.
      Class:      2.29 MB used.
       Both:     17.29 MB used.

Virtual space:
  Non-class space:       16.00 MB reserved,      15.13 MB ( 95%) committed,  2 nodes.
      Class space:        1.00 GB reserved,       2.44 MB ( <1%) committed,  1 nodes.
             Both:        1.02 GB reserved,      17.56 MB (  2%) committed. 

Chunk freelists:
   Non-Class:  880.00 KB
       Class:  1.42 MB
        Both:  2.28 MB

MaxMetaspaceSize: unlimited
CompressedClassSpaceSize: 1.00 GB
Initial GC threshold: 21.00 MB
Current GC threshold: 21.00 MB
CDS: on
MetaspaceReclaimPolicy: balanced
 - commit_granule_bytes: 65536.
 - commit_granule_words: 8192.
 - virtual_space_node_default_size: 1048576.
 - enlarge_chunks_in_place: 1.
 - new_chunks_are_fully_committed: 0.
 - uncommit_free_chunks: 1.
 - use_allocation_guard: 0.
 - handle_deallocations: 1.


Internal statistics:

num_allocs_failed_limit: 0.
num_arena_births: 212.
num_arena_deaths: 0.
num_vsnodes_births: 3.
num_vsnodes_deaths: 0.
num_space_committed: 281.
num_space_uncommitted: 0.
num_chunks_returned_to_freelist: 0.
num_chunks_taken_from_freelist: 735.
num_chunk_merges: 0.
num_chunk_splits: 521.
num_chunks_enlarged: 403.
num_purges: 0.
num_inconsistent_stats: 0.

CodeCache: size=49152Kb used=5740Kb max_used=5740Kb free=43412Kb
 bounds [0x000001e0a31d0000, 0x000001e0a3770000, 0x000001e0a61d0000]
 total_blobs=2802 nmethods=2308 adapters=419
 compilation: enabled
              stopped_count=0, restarted_count=0
 full_count=0

Compilation events (20 events):
Event: 4.137 Thread 0x000001e0adc632e0 nmethod 2298 0x000001e0a3766c90 code [0x000001e0a3766e40, 0x000001e0a3766f78]
Event: 4.140 Thread 0x000001e0ad07a5d0 2299       1       java.util.ArrayDeque::peek (5 bytes)
Event: 4.140 Thread 0x000001e0ad07a5d0 nmethod 2299 0x000001e0a3767010 code [0x000001e0a37671a0, 0x000001e0a3767298]
Event: 4.140 Thread 0x000001e0ad07a5d0 2300       1       org.springframework.core.io.DefaultResourceLoader::getClassLoader (18 bytes)
Event: 4.141 Thread 0x000001e0ad07a5d0 nmethod 2300 0x000001e0a3767390 code [0x000001e0a3767520, 0x000001e0a3767608]
Event: 4.141 Thread 0x000001e0ad07a5d0 2301       1       sun.nio.fs.NativeBuffer::owner (5 bytes)
Event: 4.141 Thread 0x000001e0ad07a5d0 nmethod 2301 0x000001e0a3767690 code [0x000001e0a3767820, 0x000001e0a37678f8]
Event: 4.142 Thread 0x000001e0ad0a8e90 2302       1       org.springframework.core.type.AnnotatedTypeMetadata::getAnnotationAttributes (40 bytes)
Event: 4.142 Thread 0x000001e0adc632e0 2303       1       org.springframework.core.annotation.MergedAnnotationSelectors::firstDirectlyDeclared (4 bytes)
Event: 4.142 Thread 0x000001e0adc632e0 nmethod 2303 0x000001e0a3767990 code [0x000001e0a3767b20, 0x000001e0a3767bd8]
Event: 4.142 Thread 0x000001e0ad07a5d0 2304       1       org.springframework.core.io.AbstractFileResolvingResource::<init> (5 bytes)
Event: 4.142 Thread 0x000001e0ad07a5d0 nmethod 2304 0x000001e0a3767c90 code [0x000001e0a3767e20, 0x000001e0a3767ed8]
Event: 4.142 Thread 0x000001e0ad0a8e90 nmethod 2302 0x000001e0a3767f90 code [0x000001e0a37681a0, 0x000001e0a3768518]
Event: 4.144 Thread 0x000001e0ad0a8e90 2305       1       org.springframework.asm.ClassReader::readElementValues (88 bytes)
Event: 4.145 Thread 0x000001e0ad0a8e90 nmethod 2305 0x000001e0a3768790 code [0x000001e0a3768960, 0x000001e0a3768c98]
Event: 4.145 Thread 0x000001e0ad07a5d0 2306   !   1       org.springframework.util.ClassUtils::forName (231 bytes)
Event: 4.145 Thread 0x000001e0ad0a8e90 2307       1       org.springframework.util.ClassUtils::resolvePrimitiveClassName (30 bytes)
Event: 4.145 Thread 0x000001e0ad0a8e90 nmethod 2307 0x000001e0a3768f10 code [0x000001e0a37690c0, 0x000001e0a3769248]
Event: 4.146 Thread 0x000001e0adc632e0 2308       1       org.springframework.context.annotation.ConfigurationClass::getMetadata (5 bytes)
Event: 4.147 Thread 0x000001e0adc632e0 nmethod 2308 0x000001e0a3769390 code [0x000001e0a3769520, 0x000001e0a37695f8]

GC Heap History (6 events):
Event: 1.675 GC heap before
{Heap before GC invocations=0 (full 0):
 garbage-first heap   total 131072K, used 13312K [0x0000000081a00000, 0x0000000100000000)
  region size 1024K, 13 young (13312K), 0 survivors (0K)
 Metaspace       used 5500K, committed 5696K, reserved 1056768K
  class space    used 674K, committed 768K, reserved 1048576K
}
Event: 1.692 GC heap after
{Heap after GC invocations=1 (full 0):
 garbage-first heap   total 131072K, used 6530K [0x0000000081a00000, 0x0000000100000000)
  region size 1024K, 2 young (2048K), 2 survivors (2048K)
 Metaspace       used 5500K, committed 5696K, reserved 1056768K
  class space    used 674K, committed 768K, reserved 1048576K
}
Event: 2.394 GC heap before
{Heap before GC invocations=1 (full 0):
 garbage-first heap   total 131072K, used 16770K [0x0000000081a00000, 0x0000000100000000)
  region size 1024K, 12 young (12288K), 2 survivors (2048K)
 Metaspace       used 7966K, committed 8192K, reserved 1056768K
  class space    used 1027K, committed 1152K, reserved 1048576K
}
Event: 2.398 GC heap after
{Heap after GC invocations=2 (full 0):
 garbage-first heap   total 131072K, used 7530K [0x0000000081a00000, 0x0000000100000000)
  region size 1024K, 1 young (1024K), 1 survivors (1024K)
 Metaspace       used 7966K, committed 8192K, reserved 1056768K
  class space    used 1027K, committed 1152K, reserved 1048576K
}
Event: 3.324 GC heap before
{Heap before GC invocations=2 (full 0):
 garbage-first heap   total 131072K, used 31082K [0x0000000081a00000, 0x0000000100000000)
  region size 1024K, 25 young (25600K), 1 survivors (1024K)
 Metaspace       used 13394K, committed 13632K, reserved 1064960K
  class space    used 1752K, committed 1856K, reserved 1048576K
}
Event: 3.329 GC heap after
{Heap after GC invocations=3 (full 0):
 garbage-first heap   total 131072K, used 9594K [0x0000000081a00000, 0x0000000100000000)
  region size 1024K, 3 young (3072K), 3 survivors (3072K)
 Metaspace       used 13394K, committed 13632K, reserved 1064960K
  class space    used 1752K, committed 1856K, reserved 1048576K
}

Dll operation events (12 events):
Event: 0.037 Loaded shared library C:\Users\Admin\.jdks\corretto-17.0.6\bin\java.dll
Event: 0.052 Loaded shared library C:\Users\Admin\.jdks\corretto-17.0.6\bin\jsvml.dll
Event: 0.309 Loaded shared library C:\Users\Admin\.jdks\corretto-17.0.6\bin\zip.dll
Event: 0.316 Loaded shared library C:\Users\Admin\.jdks\corretto-17.0.6\bin\instrument.dll
Event: 0.327 Loaded shared library C:\Users\Admin\.jdks\corretto-17.0.6\bin\net.dll
Event: 0.330 Loaded shared library C:\Users\Admin\.jdks\corretto-17.0.6\bin\nio.dll
Event: 0.335 Loaded shared library C:\Users\Admin\.jdks\corretto-17.0.6\bin\zip.dll
Event: 0.551 Loaded shared library C:\Program Files\JetBrains\IntelliJ IDEA 2022.2.4\bin\breakgen64.dll
Event: 0.564 Loaded shared library C:\Users\Admin\.jdks\corretto-17.0.6\bin\jimage.dll
Event: 0.759 Loaded shared library C:\Users\Admin\.jdks\corretto-17.0.6\bin\management.dll
Event: 0.798 Loaded shared library C:\Users\Admin\.jdks\corretto-17.0.6\bin\management_ext.dll
Event: 3.129 Loaded shared library C:\Users\Admin\.jdks\corretto-17.0.6\bin\verify.dll

Deoptimization events (2 events):
Event: 3.291 Thread 0x000001e09b6cf140 DEOPT PACKING pc=0x000001e0a36c9b99 sp=0x000000477b1fd840
Event: 3.291 Thread 0x000001e09b6cf140 DEOPT UNPACKING pc=0x000001e0a3227143 sp=0x000000477b1fcd20 mode 3

Classes unloaded (0 events):
No events

Classes redefined (0 events):
No events

Internal exceptions (20 events):
Event: 2.850 Thread 0x000001e09b6cf140 Exception <a 'java/lang/NoSuchMethodError'{0x00000000892aa8c8}: 'java.lang.Object java.lang.invoke.DirectMethodHandle$Holder.invokeStatic(java.lang.Object, java.lang.Object, long, java.lang.Object)'> (0x00000000892aa8c8) 
thrown [s\src\hotspot\share\interpreter\linkResolver.cpp, line 759]
Event: 2.851 Thread 0x000001e09b6cf140 Exception <a 'java/lang/NoSuchMethodError'{0x00000000892ae360}: 'java.lang.Object java.lang.invoke.DirectMethodHandle$Holder.invokeStaticInit(java.lang.Object, java.lang.Object, long, java.lang.Object)'> (0x00000000892ae360) 
thrown [s\src\hotspot\share\interpreter\linkResolver.cpp, line 759]
Event: 2.851 Thread 0x000001e09b6cf140 Exception <a 'java/lang/NoSuchMethodError'{0x00000000892b4970}: 'java.lang.Object java.lang.invoke.DirectMethodHandle$Holder.newInvokeSpecial(java.lang.Object, java.lang.Object, long)'> (0x00000000892b4970) 
thrown [s\src\hotspot\share\interpreter\linkResolver.cpp, line 759]
Event: 2.852 Thread 0x000001e09b6cf140 Exception <a 'java/lang/NoSuchMethodError'{0x00000000892b84e0}: 'java.lang.Object java.lang.invoke.Invokers$Holder.linkToTargetMethod(java.lang.Object, long, java.lang.Object)'> (0x00000000892b84e0) 
thrown [s\src\hotspot\share\interpreter\linkResolver.cpp, line 759]
Event: 2.872 Thread 0x000001e09b6cf140 Exception <a 'java/lang/NoSuchMethodError'{0x00000000892fdd40}: 'void java.lang.invoke.DirectMethodHandle$Holder.invokeVirtual(java.lang.Object, java.lang.Object, java.lang.Object, java.lang.Object)'> (0x00000000892fdd40) 
thrown [s\src\hotspot\share\interpreter\linkResolver.cpp, line 759]
Event: 2.956 Thread 0x000001e09b6cf140 Exception <a 'java/lang/NoSuchMethodError'{0x000000008906f1b0}: 'void java.lang.invoke.DirectMethodHandle$Holder.invokeSpecial(java.lang.Object, java.lang.Object, java.lang.Object)'> (0x000000008906f1b0) 
thrown [s\src\hotspot\share\interpreter\linkResolver.cpp, line 759]
Event: 2.957 Thread 0x000001e09b6cf140 Exception <a 'java/lang/NoSuchMethodError'{0x00000000890756f8}: 'void java.lang.invoke.DirectMethodHandle$Holder.invokeSpecial(java.lang.Object, java.lang.Object, java.lang.Object, java.lang.Object, java.lang.Object)'> (0x00000000890756f8) 
thrown [s\src\hotspot\share\interpreter\linkResolver.cpp, line 759]
Event: 2.972 Thread 0x000001e09b6cf140 Exception <a 'java/lang/IncompatibleClassChangeError'{0x00000000890a5508}: Found class java.lang.Object, but interface was expected> (0x00000000890a5508) 
thrown [s\src\hotspot\share\interpreter\linkResolver.cpp, line 826]
Event: 2.983 Thread 0x000001e0ae5a36e0 Exception <a 'java/lang/NoClassDefFoundError'{0x0000000088e08ce8}: jakarta/validation/Validation> (0x0000000088e08ce8) 
thrown [s\src\hotspot\share\classfile\systemDictionary.cpp, line 245]
Event: 3.515 Thread 0x000001e09b6cf140 Exception <a 'java/lang/NoSuchMethodError'{0x000000008900b2c8}: 'int java.lang.invoke.DirectMethodHandle$Holder.invokeSpecial(java.lang.Object, java.lang.Object, java.lang.Object, java.lang.Object, java.lang.Object)'> (0x000000008900b2c8) 
thrown [s\src\hotspot\share\interpreter\linkResolver.cpp, line 759]
Event: 3.518 Thread 0x000001e09b6cf140 Exception <a 'java/lang/NoSuchMethodError'{0x0000000089013f90}: 'void java.lang.invoke.DirectMethodHandle$Holder.invokeVirtual(java.lang.Object, java.lang.Object)'> (0x0000000089013f90) 
thrown [s\src\hotspot\share\interpreter\linkResolver.cpp, line 759]
Event: 3.559 Thread 0x000001e0ae5a36e0 Exception <a 'java/lang/NoSuchMethodError'{0x0000000088e860a0}: 'long java.lang.invoke.DirectMethodHandle$Holder.invokeSpecial(java.lang.Object, java.lang.Object)'> (0x0000000088e860a0) 
thrown [s\src\hotspot\share\interpreter\linkResolver.cpp, line 759]
Event: 3.562 Thread 0x000001e0ae5a36e0 Exception <a 'java/lang/NoSuchMethodError'{0x0000000088e912c8}: 'long java.lang.invoke.DirectMethodHandle$Holder.invokeStatic(java.lang.Object, java.lang.Object)'> (0x0000000088e912c8) 
thrown [s\src\hotspot\share\interpreter\linkResolver.cpp, line 759]
Event: 3.562 Thread 0x000001e0ae5a36e0 Exception <a 'java/lang/NoSuchMethodError'{0x0000000088e948c8}: 'long java.lang.invoke.DirectMethodHandle$Holder.invokeStaticInit(java.lang.Object, java.lang.Object)'> (0x0000000088e948c8) 
thrown [s\src\hotspot\share\interpreter\linkResolver.cpp, line 759]
Event: 3.566 Thread 0x000001e0ae5a36e0 Exception <a 'java/lang/NoSuchMethodError'{0x0000000088ea23f0}: 'long java.lang.invoke.DirectMethodHandle$Holder.invokeInterface(java.lang.Object, java.lang.Object)'> (0x0000000088ea23f0) 
thrown [s\src\hotspot\share\interpreter\linkResolver.cpp, line 759]
Event: 3.566 Thread 0x000001e0ae5a36e0 Exception <a 'java/lang/IncompatibleClassChangeError'{0x0000000088ea5980}: Found class java.lang.Object, but interface was expected> (0x0000000088ea5980) 
thrown [s\src\hotspot\share\interpreter\linkResolver.cpp, line 826]
Event: 3.596 Thread 0x000001e0ae5a36e0 Exception <a 'java/lang/NoSuchMethodError'{0x0000000088d196d0}: 'java.lang.Object java.lang.invoke.DirectMethodHandle$Holder.invokeVirtual(java.lang.Object, java.lang.Object, java.lang.Object, java.lang.Object)'> (0x0000000088d196d0) 
thrown [s\src\hotspot\share\interpreter\linkResolver.cpp, line 759]
Event: 3.813 Thread 0x000001e0ad0a3fb0 Exception <a 'java/lang/NoSuchMethodError'{0x0000000088b56718}: 'java.lang.Object java.lang.invoke.DirectMethodHandle$Holder.invokeStaticInit(java.lang.Object, int)'> (0x0000000088b56718) 
thrown [s\src\hotspot\share\interpreter\linkResolver.cpp, line 759]
Event: 4.040 Thread 0x000001e09b6cf140 Exception <a 'java/lang/IncompatibleClassChangeError'{0x000000008840c478}: Found class java.lang.Object, but interface was expected> (0x000000008840c478) 
thrown [s\src\hotspot\share\interpreter\linkResolver.cpp, line 826]
Event: 4.089 Thread 0x000001e09b6cf140 Exception <a 'java/lang/NoSuchMethodError'{0x0000000088338c90}: 'void java.lang.invoke.DirectMethodHandle$Holder.invokeInterface(java.lang.Object, java.lang.Object, java.lang.Object, java.lang.Object)'> (0x0000000088338c90) 
thrown [s\src\hotspot\share\interpreter\linkResolver.cpp, line 759]

VM Operations (20 events):
Event: 2.196 Executing VM operation: HandshakeAllThreads
Event: 2.196 Executing VM operation: HandshakeAllThreads done
Event: 2.394 Executing VM operation: G1CollectForAllocation
Event: 2.398 Executing VM operation: G1CollectForAllocation done
Event: 2.634 Executing VM operation: HandshakeAllThreads
Event: 2.634 Executing VM operation: HandshakeAllThreads done
Event: 2.943 Executing VM operation: HandshakeAllThreads
Event: 2.943 Executing VM operation: HandshakeAllThreads done
Event: 2.952 Executing VM operation: HandshakeAllThreads
Event: 2.952 Executing VM operation: HandshakeAllThreads done
Event: 3.045 Executing VM operation: ICBufferFull
Event: 3.045 Executing VM operation: ICBufferFull done
Event: 3.324 Executing VM operation: G1CollectForAllocation
Event: 3.330 Executing VM operation: G1CollectForAllocation done
Event: 3.387 Executing VM operation: HandshakeAllThreads
Event: 3.387 Executing VM operation: HandshakeAllThreads done
Event: 3.468 Executing VM operation: HandshakeAllThreads
Event: 3.469 Executing VM operation: HandshakeAllThreads done
Event: 3.489 Executing VM operation: HandshakeAllThreads
Event: 3.490 Executing VM operation: HandshakeAllThreads done

Events (20 events):
Event: 3.813 loading class sun/util/cldr/CLDRTimeZoneNameProviderImpl$AVAILABLE_IDS
Event: 3.813 loading class sun/util/cldr/CLDRTimeZoneNameProviderImpl$AVAILABLE_IDS done
Event: 3.814 loading class java/util/stream/SortedOps$SizedRefSortingSink
Event: 3.814 loading class java/util/stream/SortedOps$SizedRefSortingSink done
Event: 3.815 loading class java/util/Collections$UnmodifiableMap$UnmodifiableEntrySet
Event: 3.815 loading class java/util/Collections$UnmodifiableMap$UnmodifiableEntrySet done
Event: 3.815 loading class java/util/Collections$UnmodifiableMap$UnmodifiableEntrySet$1
Event: 3.815 loading class java/util/Collections$UnmodifiableMap$UnmodifiableEntrySet$1 done
Event: 3.815 loading class java/util/Collections$UnmodifiableMap$UnmodifiableEntrySet$UnmodifiableEntry
Event: 3.815 loading class java/util/Collections$UnmodifiableMap$UnmodifiableEntrySet$UnmodifiableEntry done
Event: 3.816 loading class sun/util/resources/TimeZoneNames
Event: 3.817 loading class sun/util/resources/TimeZoneNames done
Event: 3.818 loading class sun/util/resources/TimeZoneNames_en
Event: 3.818 loading class sun/util/resources/TimeZoneNames_en done
Event: 3.929 Thread 0x000001e0ae7a2d70 Thread added: 0x000001e0ae7a2d70
Event: 3.956 loading class javax/naming/ldap/LdapContext
Event: 3.956 loading class javax/naming/directory/DirContext
Event: 3.957 loading class javax/naming/directory/DirContext done
Event: 3.957 loading class javax/naming/ldap/LdapContext done
Event: 3.976 Thread 0x000001e0ae7a2d70 Thread exited: 0x000001e0ae7a2d70


Dynamic libraries:
0x00007ff63b750000 - 0x00007ff63b75d000 	C:\Users\Admin\.jdks\corretto-17.0.6\bin\java.exe
0x00007ffb6a750000 - 0x00007ffb6a948000 	C:\Windows\SYSTEM32\ntdll.dll
0x00007ffb6a5e0000 - 0x00007ffb6a69f000 	C:\Windows\System32\KERNEL32.DLL
0x00007ffb68270000 - 0x00007ffb6854a000 	C:\Windows\System32\KERNELBASE.dll
0x00007ffb67f40000 - 0x00007ffb68040000 	C:\Windows\System32\ucrtbase.dll
0x00007ffb54c10000 - 0x00007ffb54c27000 	C:\Users\Admin\.jdks\corretto-17.0.6\bin\jli.dll
0x00007ffb69410000 - 0x00007ffb695ad000 	C:\Windows\System32\USER32.dll
0x00007ffb680f0000 - 0x00007ffb68112000 	C:\Windows\System32\win32u.dll
0x00007ffb69fd0000 - 0x00007ffb69ffb000 	C:\Windows\System32\GDI32.dll
0x00007ffb67e30000 - 0x00007ffb67f40000 	C:\Windows\System32\gdi32full.dll
0x00007ffb5dfc0000 - 0x00007ffb5dfd5000 	C:\Users\Admin\.jdks\corretto-17.0.6\bin\VCRUNTIME140.dll
0x00007ffb54ec0000 - 0x00007ffb5515a000 	C:\Windows\WinSxS\amd64_microsoft.windows.common-controls_6595b64144ccf1df_6.0.19041.1110_none_60b5254171f9507e\COMCTL32.dll
0x00007ffb68580000 - 0x00007ffb6861d000 	C:\Windows\System32\msvcp_win.dll
0x00007ffb69d00000 - 0x00007ffb69d9e000 	C:\Windows\System32\msvcrt.dll
0x00007ffb6a6b0000 - 0x00007ffb6a6e0000 	C:\Windows\System32\IMM32.DLL
0x00007ffb38510000 - 0x00007ffb385ab000 	C:\Users\Admin\.jdks\corretto-17.0.6\bin\msvcp140.dll
0x00007ffb1b960000 - 0x00007ffb1c578000 	C:\Users\Admin\.jdks\corretto-17.0.6\bin\server\jvm.dll
0x00007ffb6a1f0000 - 0x00007ffb6a29e000 	C:\Windows\System32\ADVAPI32.dll
0x00007ffb6a020000 - 0x00007ffb6a0bc000 	C:\Windows\System32\sechost.dll
0x00007ffb6a0c0000 - 0x00007ffb6a1e6000 	C:\Windows\System32\RPCRT4.dll
0x00007ffb489a0000 - 0x00007ffb489a9000 	C:\Windows\SYSTEM32\WSOCK32.dll
0x00007ffb6a3c0000 - 0x00007ffb6a42b000 	C:\Windows\System32\WS2_32.dll
0x00007ffb57600000 - 0x00007ffb57627000 	C:\Windows\SYSTEM32\WINMM.dll
0x00007ffb61240000 - 0x00007ffb6124a000 	C:\Windows\SYSTEM32\VERSION.dll
0x00007ffb65cb0000 - 0x00007ffb65cc2000 	C:\Windows\SYSTEM32\kernel.appcore.dll
0x00007ffb5ef20000 - 0x00007ffb5ef2a000 	C:\Users\Admin\.jdks\corretto-17.0.6\bin\jimage.dll
0x00007ffb4ef00000 - 0x00007ffb4f0e4000 	C:\Windows\SYSTEM32\DBGHELP.DLL
0x00007ffb4ee10000 - 0x00007ffb4ee44000 	C:\Windows\SYSTEM32\dbgcore.DLL
0x00007ffb68120000 - 0x00007ffb681a2000 	C:\Windows\System32\bcryptPrimitives.dll
0x00007ffb51980000 - 0x00007ffb5198e000 	C:\Users\Admin\.jdks\corretto-17.0.6\bin\instrument.dll
0x00007ffb4dfa0000 - 0x00007ffb4dfc5000 	C:\Users\Admin\.jdks\corretto-17.0.6\bin\java.dll
0x00007ffb34650000 - 0x00007ffb34726000 	C:\Users\Admin\.jdks\corretto-17.0.6\bin\jsvml.dll
0x00007ffb68cc0000 - 0x00007ffb69404000 	C:\Windows\System32\SHELL32.dll
0x00007ffb65eb0000 - 0x00007ffb66643000 	C:\Windows\SYSTEM32\windows.storage.dll
0x00007ffb688b0000 - 0x00007ffb68c04000 	C:\Windows\System32\combase.dll
0x00007ffb676d0000 - 0x00007ffb676fe000 	C:\Windows\SYSTEM32\Wldp.dll
0x00007ffb69c50000 - 0x00007ffb69cfd000 	C:\Windows\System32\SHCORE.dll
0x00007ffb69da0000 - 0x00007ffb69df5000 	C:\Windows\System32\shlwapi.dll
0x00007ffb67d70000 - 0x00007ffb67d8f000 	C:\Windows\SYSTEM32\profapi.dll
0x00007ffb4dde0000 - 0x00007ffb4ddf8000 	C:\Users\Admin\.jdks\corretto-17.0.6\bin\zip.dll
0x00007ffb53c40000 - 0x00007ffb53c59000 	C:\Users\Admin\.jdks\corretto-17.0.6\bin\net.dll
0x00007ffb5d7d0000 - 0x00007ffb5d8da000 	C:\Windows\SYSTEM32\WINHTTP.dll
0x00007ffb674b0000 - 0x00007ffb6751a000 	C:\Windows\system32\mswsock.dll
0x00007ffb52fb0000 - 0x00007ffb52fc5000 	C:\Users\Admin\.jdks\corretto-17.0.6\bin\nio.dll
0x00007ffb3f950000 - 0x00007ffb3f96a000 	C:\Program Files\JetBrains\IntelliJ IDEA 2022.2.4\bin\breakgen64.dll
0x00007ffb67200000 - 0x00007ffb672cb000 	C:\Windows\SYSTEM32\DNSAPI.dll
0x00007ffb671c0000 - 0x00007ffb671fc000 	C:\Windows\SYSTEM32\IPHLPAPI.DLL
0x00007ffb6a6a0000 - 0x00007ffb6a6a8000 	C:\Windows\System32\NSI.dll
0x00007ffb576f0000 - 0x00007ffb576fa000 	C:\Windows\System32\rasadhlp.dll
0x00007ffb57750000 - 0x00007ffb577d0000 	C:\Windows\System32\fwpuclnt.dll
0x00007ffb68550000 - 0x00007ffb68577000 	C:\Windows\System32\bcrypt.dll
0x00007ffb4f650000 - 0x00007ffb4f659000 	C:\Users\Admin\.jdks\corretto-17.0.6\bin\management.dll
0x00007ffb4df90000 - 0x00007ffb4df9b000 	C:\Users\Admin\.jdks\corretto-17.0.6\bin\management_ext.dll
0x00007ffb69fb0000 - 0x00007ffb69fb8000 	C:\Windows\System32\PSAPI.DLL
0x00007ffb67710000 - 0x00007ffb67728000 	C:\Windows\SYSTEM32\CRYPTSP.dll
0x00007ffb66df0000 - 0x00007ffb66e24000 	C:\Windows\system32\rsaenh.dll
0x00007ffb67cf0000 - 0x00007ffb67d1e000 	C:\Windows\SYSTEM32\USERENV.dll
0x00007ffb67640000 - 0x00007ffb6764c000 	C:\Windows\SYSTEM32\CRYPTBASE.dll
0x00007ffb60930000 - 0x00007ffb60947000 	C:\Windows\SYSTEM32\dhcpcsvc6.DLL
0x00007ffb608f0000 - 0x00007ffb6090d000 	C:\Windows\SYSTEM32\dhcpcsvc.DLL
0x00007ffb53ed0000 - 0x00007ffb53ee7000 	C:\Windows\system32\napinsp.dll
0x00007ffb54550000 - 0x00007ffb5456b000 	C:\Windows\system32\pnrpnsp.dll
0x00007ffb62b00000 - 0x00007ffb62b15000 	C:\Windows\system32\wshbth.dll
0x00007ffb63930000 - 0x00007ffb6394d000 	C:\Windows\system32\NLAapi.dll
0x00007ffb545f0000 - 0x00007ffb54602000 	C:\Windows\System32\winrnr.dll
0x00007ffb540f0000 - 0x00007ffb54100000 	C:\Users\Admin\.jdks\corretto-17.0.6\bin\verify.dll

dbghelp: loaded successfully - version: 4.0.5 - missing functions: none
symbol engine: initialized successfully - sym options: 0x614 - pdb path: .;C:\Users\Admin\.jdks\corretto-17.0.6\bin;C:\Windows\SYSTEM32;C:\Windows\WinSxS\amd64_microsoft.windows.common-controls_6595b64144ccf1df_6.0.19041.1110_none_60b5254171f9507e;C:\Users\Admin\.jdks\corretto-17.0.6\bin\server;C:\Program Files\JetBrains\IntelliJ IDEA 2022.2.4\bin

VM Arguments:
jvm_args: -XX:TieredStopAtLevel=1 -Dspring.output.ansi.enabled=always -Dcom.sun.management.jmxremote -Dspring.jmx.enabled=true -Dspring.liveBeansView.mbeanDomain -Dspring.application.admin.enabled=true -javaagent:C:\Program Files\JetBrains\IntelliJ IDEA 2022.2.4\lib\idea_rt.jar=59424:C:\Program Files\JetBrains\IntelliJ IDEA 2022.2.4\bin -Dfile.encoding=UTF-8 
java_command: com.example.blogbackend.BlogBackendApplication
java_class_path (initial): D:\Drive1\stringboot\Stringboot\day_30\blog-backend\target\classes;C:\Users\Admin\.m2\repository\io\jsonwebtoken\jjwt-api\0.11.5\jjwt-api-0.11.5.jar;C:\Users\Admin\.m2\repository\io\jsonwebtoken\jjwt-impl\0.11.5\jjwt-impl-0.11.5.jar;C:\Users\Admin\.m2\repository\io\jsonwebtoken\jjwt-jackson\0.11.5\jjwt-jackson-0.11.5.jar;C:\Users\Admin\.m2\repository\com\fasterxml\jackson\core\jackson-databind\2.14.2\jackson-databind-2.14.2.jar;C:\Users\Admin\.m2\repository\com\fasterxml\jackson\core\jackson-annotations\2.14.2\jackson-annotations-2.14.2.jar;C:\Users\Admin\.m2\repository\com\fasterxml\jackson\core\jackson-core\2.14.2\jackson-core-2.14.2.jar;C:\Users\Admin\.m2\repository\org\springframework\boot\spring-boot-starter-data-jpa\3.0.5\spring-boot-starter-data-jpa-3.0.5.jar;C:\Users\Admin\.m2\repository\org\springframework\boot\spring-boot-starter-aop\3.0.5\spring-boot-starter-aop-3.0.5.jar;C:\Users\Admin\.m2\repository\org\aspectj\aspectjweaver\1.9.19\aspectjweaver-1.9.19.jar;C:\Users\Admin\.m2\repository\org\springframework\boot\spring-boot-starter-jdbc\3.0.5\spring-boot-starter-jdbc-3.0.5.jar;C:\Users\Admin\.m2\repository\com\zaxxer\HikariCP\5.0.1\HikariCP-5.0.1.jar;C:\Users\Admin\.m2\repository\org\springframework\spring-jdbc\6.0.7\spring-jdbc-6.0.7.jar;C:\Users\Admin\.m2\repository\org\hibernate\orm\hibernate-core\6.1.7.Final\hibernate-core-6.1.7.Final.jar;C:\Users\Admin\.m2\repository\jakarta\persistence\jakarta.persistence-api\3.1.0\jakarta.persistence-api-3.1.0.jar;C:\Users\Admin\.m2\repository\jakarta\transaction\jakarta.transaction-api\2.0.1\jakarta.transaction-api-2.0.1.jar;C:\Users\Admin\.m2\repository\org\jboss\logging\jboss-logging\3.5.0.Final\jboss-logging-3.5.0.Final.jar;C:\Users\Admin\.m2\repository\org\hibernate\common\hibernate-commons-annotations\6.0.6.Final\hibernate-commons-annotations-6.0.6.Final.jar;C:\Users\Admin\.m2\repository\org\jboss\jandex\2.4.2.Final\jandex-2.4.2.Final.jar;C:\Users\Admin\.m2\repository\com\fasterxm
Launcher Type: SUN_STANDARD

[Global flags]
     intx CICompilerCount                          = 3                                         {product} {ergonomic}
     uint ConcGCThreads                            = 1                                         {product} {ergonomic}
     uint G1ConcRefinementThreads                  = 4                                         {product} {ergonomic}
   size_t G1HeapRegionSize                         = 1048576                                   {product} {ergonomic}
    uintx GCDrainStackTargetSize                   = 64                                        {product} {ergonomic}
   size_t InitialHeapSize                          = 134217728                                 {product} {ergonomic}
     bool ManagementServer                         = true                                      {product} {command line}
   size_t MarkStackSize                            = 4194304                                   {product} {ergonomic}
   size_t MaxHeapSize                              = 2120220672                                {product} {ergonomic}
   size_t MaxNewSize                               = 1271922688                                {product} {ergonomic}
   size_t MinHeapDeltaBytes                        = 1048576                                   {product} {ergonomic}
   size_t MinHeapSize                              = 8388608                                   {product} {ergonomic}
    uintx NonProfiledCodeHeapSize                  = 0                                      {pd product} {ergonomic}
     bool ProfileInterpreter                       = false                                  {pd product} {command line}
    uintx ProfiledCodeHeapSize                     = 0                                      {pd product} {ergonomic}
   size_t SoftMaxHeapSize                          = 2120220672                             {manageable} {ergonomic}
     intx TieredStopAtLevel                        = 1                                         {product} {command line}
     bool UseCompressedClassPointers               = true                           {product lp64_product} {ergonomic}
     bool UseCompressedOops                        = true                           {product lp64_product} {ergonomic}
     bool UseG1GC                                  = true                                      {product} {ergonomic}
     bool UseLargePagesIndividualAllocation        = false                                  {pd product} {ergonomic}

Logging:
Log output configuration:
 #0: stdout all=warning uptime,level,tags
 #1: stderr all=off uptime,level,tags

Environment Variables:
PATH=C:\Program Files\Common Files\Oracle\Java\javapath;C:\Program Files (x86)\Common Files\Oracle\Java\javapath;C:\Windows\system32;C:\Windows;C:\Windows\System32\Wbem;C:\Windows\System32\WindowsPowerShell\v1.0\;C:\Windows\System32\OpenSSH\;C:\Program Files (x86)\Intel\Intel(R) Management Engine Components\DAL;C:\Program Files\Intel\Intel(R) Management Engine Components\DAL;D:\GoogleSDK\google-cloud-sdk\bin;C:\Program Files\dotnet\;C:\Program Files (x86)\dotnet\;D:\apache-maven-3.9.0\bin;C:\Program Files\nodejs\;C:\Program Files\Docker\Docker\resources\bin;C:\Program Files\Git\cmd;C:\Users\Admin\AppData\Local\Microsoft\WindowsApps;C:\Users\Admin\AppData\Local\GitHubDesktop\bin;C:\Users\Admin\AppData\Local\Programs\Microsoft VS Code\bin;C:\Users\Admin\AppData\Roaming\npm
USERNAME=Admin
OS=Windows_NT
PROCESSOR_IDENTIFIER=Intel64 Family 6 Model 78 Stepping 3, GenuineIntel
TMP=C:\Users\Admin\AppData\Local\Temp
TEMP=C:\Users\Admin\AppData\Local\Temp



---------------  S Y S T E M  ---------------

OS:
 Windows 10 , 64 bit Build 19041 (10.0.19041.2788)
OS uptime: 0 days 3:49 hours
Hyper-V role detected

CPU: total 4 (initial active 4) (2 cores per cpu, 2 threads per core) family 6 model 78 stepping 3 microcode 0xcc, cx8, cmov, fxsr, ht, mmx, 3dnowpref, sse, sse2, sse3, ssse3, sse4.1, sse4.2, popcnt, lzcnt, tsc, tscinvbit, avx, avx2, aes, erms, clmul, bmi1, bmi2, adx, fma, vzeroupper, clflush, clflushopt, hv

Memory: 4k page, system-wide physical 8083M (735M free)
TotalPageFile size 12179M (AvailPageFile size 2M)
current process WorkingSet (physical memory assigned to process): 100M, peak: 100M
current process commit charge ("private bytes"): 230M, peak: 230M

vm_info: OpenJDK 64-Bit Server VM (17.0.6+10-LTS) for windows-amd64 JRE (17.0.6+10-LTS), built on Jan 13 2023 22:57:04 by "Administrator" with MS VC++ 15.9 (VS2017)

END.
